<?xml version="1.0" encoding="UTF-8"?>
<coverage generated="1753670164210" clover="3.2.0">
  <project timestamp="1753670164210" name="All files">
    <metrics statements="103" coveredstatements="103" conditionals="58" coveredconditionals="52" methods="14" coveredmethods="14" elements="175" coveredelements="169" complexity="0" loc="103" ncloc="103" packages="1" files="5" classes="5"/>
    <file name="combineDateTime.ts" path="/Users/a123/Desktop/dev2/nocotine/src/utils/combineDateTime.ts">
      <metrics statements="3" coveredstatements="3" conditionals="4" coveredconditionals="4" methods="1" coveredmethods="1"/>
      <line num="1" count="1" type="stmt"/>
      <line num="5" count="4" type="cond" truecount="4" falsecount="0"/>
      <line num="6" count="1" type="stmt"/>
    </file>
    <file name="myInfoValidate.ts" path="/Users/a123/Desktop/dev2/nocotine/src/utils/myInfoValidate.ts">
      <metrics statements="34" coveredstatements="34" conditionals="37" coveredconditionals="32" methods="1" coveredmethods="1"/>
      <line num="1" count="1" type="stmt"/>
      <line num="17" count="8" type="stmt"/>
      <line num="19" count="8" type="stmt"/>
      <line num="26" count="8" type="stmt"/>
      <line num="28" count="8" type="cond" truecount="2" falsecount="0"/>
      <line num="29" count="2" type="stmt"/>
      <line num="30" count="2" type="stmt"/>
      <line num="32" count="8" type="cond" truecount="2" falsecount="0"/>
      <line num="33" count="2" type="stmt"/>
      <line num="34" count="2" type="cond" truecount="2" falsecount="0"/>
      <line num="35" count="1" type="stmt"/>
      <line num="37" count="8" type="cond" truecount="4" falsecount="0"/>
      <line num="38" count="1" type="stmt"/>
      <line num="39" count="1" type="cond" truecount="1" falsecount="1"/>
      <line num="40" count="1" type="stmt"/>
      <line num="42" count="8" type="cond" truecount="4" falsecount="0"/>
      <line num="43" count="1" type="stmt"/>
      <line num="44" count="1" type="cond" truecount="1" falsecount="1"/>
      <line num="45" count="1" type="stmt"/>
      <line num="47" count="8" type="cond" truecount="5" falsecount="0"/>
      <line num="48" count="2" type="stmt"/>
      <line num="49" count="2" type="stmt"/>
      <line num="50" count="2" type="cond" truecount="2" falsecount="0"/>
      <line num="51" count="1" type="stmt"/>
      <line num="53" count="8" type="cond" truecount="2" falsecount="0"/>
      <line num="54" count="1" type="stmt"/>
      <line num="55" count="1" type="cond" truecount="1" falsecount="1"/>
      <line num="57" count="8" type="cond" truecount="2" falsecount="0"/>
      <line num="58" count="1" type="stmt"/>
      <line num="59" count="1" type="cond" truecount="1" falsecount="1"/>
      <line num="61" count="8" type="cond" truecount="2" falsecount="0"/>
      <line num="62" count="1" type="stmt"/>
      <line num="63" count="1" type="cond" truecount="1" falsecount="1"/>
      <line num="66" count="8" type="stmt"/>
    </file>
    <file name="saveMonnyUtils.ts" path="/Users/a123/Desktop/dev2/nocotine/src/utils/saveMonnyUtils.ts">
      <metrics statements="8" coveredstatements="8" conditionals="2" coveredconditionals="2" methods="2" coveredmethods="2"/>
      <line num="6" count="5" type="cond" truecount="2" falsecount="0"/>
      <line num="7" count="4" type="stmt"/>
      <line num="8" count="4" type="stmt"/>
      <line num="9" count="4" type="stmt"/>
      <line num="10" count="4" type="stmt"/>
      <line num="12" count="1" type="stmt"/>
      <line num="18" count="5" type="stmt"/>
      <line num="23" count="5" type="stmt"/>
    </file>
    <file name="smokeDateUtils.ts" path="/Users/a123/Desktop/dev2/nocotine/src/utils/smokeDateUtils.ts">
      <metrics statements="24" coveredstatements="24" conditionals="4" coveredconditionals="4" methods="5" coveredmethods="5"/>
      <line num="1" count="1" type="stmt"/>
      <line num="2" count="1" type="stmt"/>
      <line num="4" count="1" type="stmt"/>
      <line num="6" count="1" type="stmt"/>
      <line num="7" count="1" type="stmt"/>
      <line num="8" count="1" type="stmt"/>
      <line num="9" count="1" type="stmt"/>
      <line num="12" count="1" type="stmt"/>
      <line num="16" count="1" type="stmt"/>
      <line num="17" count="1" type="stmt"/>
      <line num="19" count="1" type="stmt"/>
      <line num="22" count="1" type="stmt"/>
      <line num="23" count="2" type="stmt"/>
      <line num="25" count="2" type="stmt"/>
      <line num="26" count="2" type="stmt"/>
      <line num="27" count="2" type="stmt"/>
      <line num="28" count="2" type="stmt"/>
      <line num="30" count="2" type="stmt"/>
      <line num="33" count="1" type="stmt"/>
      <line num="37" count="2" type="cond" truecount="2" falsecount="0"/>
      <line num="39" count="1" type="stmt"/>
      <line num="42" count="1" type="stmt"/>
      <line num="43" count="3" type="cond" truecount="2" falsecount="0"/>
      <line num="44" count="1" type="stmt"/>
    </file>
    <file name="unifyAdjacentMarkers.ts" path="/Users/a123/Desktop/dev2/nocotine/src/utils/unifyAdjacentMarkers.ts">
      <metrics statements="34" coveredstatements="34" conditionals="11" coveredconditionals="10" methods="5" coveredmethods="5"/>
      <line num="3" count="1" type="stmt"/>
      <line num="9" count="8" type="stmt"/>
      <line num="11" count="8" type="stmt"/>
      <line num="12" count="8" type="stmt"/>
      <line num="14" count="8" type="stmt"/>
      <line num="15" count="8" type="stmt"/>
      <line num="18" count="8" type="stmt"/>
      <line num="25" count="8" type="stmt"/>
      <line num="27" count="8" type="stmt"/>
      <line num="30" count="1" type="stmt"/>
      <line num="31" count="11" type="cond" truecount="2" falsecount="0"/>
      <line num="32" count="7" type="cond" truecount="2" falsecount="0"/>
      <line num="33" count="5" type="stmt"/>
      <line num="36" count="1" type="stmt"/>
      <line num="40" count="6" type="stmt"/>
      <line num="42" count="6" type="stmt"/>
      <line num="43" count="11" type="stmt"/>
      <line num="45" count="11" type="stmt"/>
      <line num="46" count="6" type="stmt"/>
      <line num="47" count="6" type="stmt"/>
      <line num="54" count="6" type="cond" truecount="2" falsecount="0"/>
      <line num="55" count="4" type="stmt"/>
      <line num="56" count="4" type="stmt"/>
      <line num="58" count="4" type="cond" truecount="2" falsecount="0"/>
      <line num="59" count="1" type="stmt"/>
      <line num="61" count="4" type="stmt"/>
      <line num="62" count="4" type="stmt"/>
      <line num="66" count="11" type="cond" truecount="2" falsecount="0"/>
      <line num="67" count="7" type="stmt"/>
      <line num="71" count="6" type="stmt"/>
      <line num="75" count="1" type="stmt"/>
      <line num="79" count="1" type="stmt"/>
      <line num="80" count="1" type="stmt"/>
      <line num="81" count="1" type="stmt"/>
    </file>
  </project>
</coverage>
