TN:
SF:src/utils/combineDateTime.ts
FN:1,combineDateTime
FNF:1
FNH:1
FNDA:4,combineDateTime
DA:1,1
DA:5,4
DA:6,1
LF:3
LH:3
BRDA:5,0,0,3
BRDA:5,0,1,1
BRDA:5,1,0,4
BRDA:5,1,1,2
BRF:4
BRH:4
end_of_record
TN:
SF:src/utils/myInfoValidate.ts
FN:1,(anonymous_0)
FNF:1
FNH:1
FNDA:8,(anonymous_0)
DA:1,1
DA:17,8
DA:19,8
DA:26,8
DA:28,8
DA:29,2
DA:30,2
DA:32,8
DA:33,2
DA:34,2
DA:35,1
DA:37,8
DA:38,1
DA:39,1
DA:40,1
DA:42,8
DA:43,1
DA:44,1
DA:45,1
DA:47,8
DA:48,2
DA:49,2
DA:50,2
DA:51,1
DA:53,8
DA:54,1
DA:55,1
DA:57,8
DA:58,1
DA:59,1
DA:61,8
DA:62,1
DA:63,1
DA:66,8
LF:34
LH:34
BRDA:28,0,0,2
BRDA:28,0,1,6
BRDA:32,1,0,2
BRDA:32,1,1,6
BRDA:34,2,0,1
BRDA:34,2,1,1
BRDA:37,3,0,1
BRDA:37,3,1,7
BRDA:37,4,0,8
BRDA:37,4,1,6
BRDA:39,5,0,1
BRDA:39,5,1,0
BRDA:42,6,0,1
BRDA:42,6,1,7
BRDA:42,7,0,8
BRDA:42,7,1,6
BRDA:44,8,0,1
BRDA:44,8,1,0
BRDA:47,9,0,2
BRDA:47,9,1,6
BRDA:47,10,0,8
BRDA:47,10,1,6
BRDA:47,10,2,5
BRDA:50,11,0,1
BRDA:50,11,1,1
BRDA:53,12,0,1
BRDA:53,12,1,7
BRDA:55,13,0,1
BRDA:55,13,1,0
BRDA:57,14,0,1
BRDA:57,14,1,7
BRDA:59,15,0,0
BRDA:59,15,1,1
BRDA:61,16,0,1
BRDA:61,16,1,7
BRDA:63,17,0,0
BRDA:63,17,1,1
BRF:37
BRH:32
end_of_record
TN:
SF:src/utils/saveMonnyUtils.ts
FN:1,getPerSecondSpent
FN:12,getCost
FNF:2
FNH:2
FNDA:5,getPerSecondSpent
FNDA:5,getCost
DA:6,5
DA:7,4
DA:8,4
DA:9,4
DA:10,4
DA:12,1
DA:18,5
DA:23,5
LF:8
LH:8
BRDA:6,0,0,1
BRDA:6,0,1,4
BRF:2
BRH:2
end_of_record
TN:
SF:src/utils/smokeDateUtils.ts
FN:6,getNonSmokingDuration
FN:12,getSmokingDuration
FN:22,formatSecondsToDuration
FN:33,getStopSmokingProgressRatio
FN:42,getSmokePerSeconds
FNF:5
FNH:5
FNDA:1,getNonSmokingDuration
FNDA:1,getSmokingDuration
FNDA:2,formatSecondsToDuration
FNDA:2,getStopSmokingProgressRatio
FNDA:3,getSmokePerSeconds
DA:1,1
DA:2,1
DA:4,1
DA:6,1
DA:7,1
DA:8,1
DA:9,1
DA:12,1
DA:16,1
DA:17,1
DA:19,1
DA:22,1
DA:23,2
DA:25,2
DA:26,2
DA:27,2
DA:28,2
DA:30,2
DA:33,1
DA:37,2
DA:39,1
DA:42,1
DA:43,3
DA:44,1
LF:24
LH:24
BRDA:37,0,0,1
BRDA:37,0,1,1
BRDA:43,1,0,2
BRDA:43,1,1,1
BRF:4
BRH:4
end_of_record
TN:
SF:src/utils/unifyAdjacentMarkers.ts
FN:3,(anonymous_0)
FN:30,(anonymous_1)
FN:36,(anonymous_2)
FN:42,(anonymous_3)
FN:75,(anonymous_4)
FNF:5
FNH:5
FNDA:8,(anonymous_0)
FNDA:11,(anonymous_1)
FNDA:6,(anonymous_2)
FNDA:11,(anonymous_3)
FNDA:1,(anonymous_4)
DA:3,1
DA:9,8
DA:11,8
DA:12,8
DA:14,8
DA:15,8
DA:18,8
DA:25,8
DA:27,8
DA:30,1
DA:31,11
DA:32,7
DA:33,5
DA:36,1
DA:40,6
DA:42,6
DA:43,11
DA:45,11
DA:46,6
DA:47,6
DA:54,6
DA:55,4
DA:56,4
DA:58,4
DA:59,1
DA:61,4
DA:62,4
DA:66,11
DA:67,7
DA:71,6
DA:75,1
DA:79,1
DA:80,1
DA:81,1
LF:34
LH:34
BRDA:31,0,0,4
BRDA:31,0,1,7
BRDA:32,1,0,2
BRDA:32,1,1,5
BRDA:38,2,0,0
BRDA:54,3,0,4
BRDA:54,3,1,2
BRDA:58,4,0,1
BRDA:58,4,1,3
BRDA:66,5,0,7
BRDA:66,5,1,4
BRF:11
BRH:10
end_of_record
